# JRE version: OpenJDK Runtime Environment (8.0_242-b08) (build 1.8.0_242-8u242-b08-0ubuntu3~16.04-b08)
# Java VM: OpenJDK 64-Bit Server VM (25.242-b08 mixed mode linux-amd64 compressed oops)
Heap:
 PSYoungGen      total 68096K, used 5612K [0x00000000ebf80000, 0x00000000f0880000, 0x0000000100000000)
  eden space 62464K, 0% used [0x00000000ebf80000,0x00000000ebf80000,0x00000000efc80000)
  from space 5632K, 99% used [0x00000000efc80000,0x00000000f01fb270,0x00000000f0200000)
  to   space 4608K, 0% used [0x00000000f0200000,0x00000000f0200000,0x00000000f0680000)
 ParOldGen       total 42496K, used 7105K [0x00000000c3e00000, 0x00000000c6780000, 0x00000000ebf80000)
  object space 42496K, 16% used [0x00000000c3e00000,0x00000000c44f04a8,0x00000000c6780000)
 Metaspace       used 20470K, capacity 21118K, committed 21248K, reserved 1067008K
  class space    used 2590K, capacity 2746K, committed 2816K, reserved 1048576K
GC Heap History (10 events):
Event: 1,473 GC heap after
Heap after GC invocations=2 (full 0):
 PSYoungGen      total 18432K, used 2425K [0x00000000ebf80000, 0x00000000ee380000, 0x0000000100000000)
  eden space 15872K, 0% used [0x00000000ebf80000,0x00000000ebf80000,0x00000000ecf00000)
  from space 2560K, 94% used [0x00000000ed180000,0x00000000ed3de568,0x00000000ed400000)
  to   space 2560K, 0% used [0x00000000ecf00000,0x00000000ecf00000,0x00000000ed180000)
 ParOldGen       total 42496K, used 74K [0x00000000c3e00000, 0x00000000c6780000, 0x00000000ebf80000)
  object space 42496K, 0% used [0x00000000c3e00000,0x00000000c3e128d8,0x00000000c6780000)
 Metaspace       used 7282K, capacity 7468K, committed 7552K, reserved 1056768K
  class space    used 812K, capacity 880K, committed 896K, reserved 1048576K
}
Event: 1,484 GC heap before
{Heap before GC invocations=3 (full 0):
 PSYoungGen      total 18432K, used 18294K [0x00000000ebf80000, 0x00000000ee380000, 0x0000000100000000)
  eden space 15872K, 99% used [0x00000000ebf80000,0x00000000eceff568,0x00000000ecf00000)
  from space 2560K, 94% used [0x00000000ed180000,0x00000000ed3de568,0x00000000ed400000)
  to   space 2560K, 0% used [0x00000000ecf00000,0x00000000ecf00000,0x00000000ed180000)
 ParOldGen       total 42496K, used 74K [0x00000000c3e00000, 0x00000000c6780000, 0x00000000ebf80000)
  object space 42496K, 0% used [0x00000000c3e00000,0x00000000c3e128d8,0x00000000c6780000)
 Metaspace       used 7283K, capacity 7468K, committed 7552K, reserved 1056768K
  class space    used 812K, capacity 880K, committed 896K, reserved 1048576K
Event: 1,488 GC heap after
Heap after GC invocations=3 (full 0):
 PSYoungGen      total 18432K, used 1914K [0x00000000ebf80000, 0x00000000ee380000, 0x0000000100000000)
  eden space 15872K, 0% used [0x00000000ebf80000,0x00000000ebf80000,0x00000000ecf00000)
  from space 2560K, 74% used [0x00000000ecf00000,0x00000000ed0de8f8,0x00000000ed180000)
  to   space 2560K, 0% used [0x00000000ee100000,0x00000000ee100000,0x00000000ee380000)
 ParOldGen       total 42496K, used 82K [0x00000000c3e00000, 0x00000000c6780000, 0x00000000ebf80000)
  object space 42496K, 0% used [0x00000000c3e00000,0x00000000c3e148d8,0x00000000c6780000)
 Metaspace       used 7283K, capacity 7468K, committed 7552K, reserved 1056768K
  class space    used 812K, capacity 880K, committed 896K, reserved 1048576K
}
Event: 1,555 GC heap before
{Heap before GC invocations=4 (full 0):
 PSYoungGen      total 18432K, used 17786K [0x00000000ebf80000, 0x00000000ee380000, 0x0000000100000000)
  eden space 15872K, 100% used [0x00000000ebf80000,0x00000000ecf00000,0x00000000ecf00000)
  from space 2560K, 74% used [0x00000000ecf00000,0x00000000ed0de8f8,0x00000000ed180000)
  to   space 2560K, 0% used [0x00000000ee100000,0x00000000ee100000,0x00000000ee380000)
 ParOldGen       total 42496K, used 82K [0x00000000c3e00000, 0x00000000c6780000, 0x00000000ebf80000)
  object space 42496K, 0% used [0x00000000c3e00000,0x00000000c3e148d8,0x00000000c6780000)
 Metaspace       used 7476K, capacity 7750K, committed 7936K, reserved 1056768K
  class space    used 842K, capacity 951K, committed 1024K, reserved 1048576K
Event: 1,563 GC heap after
Heap after GC invocations=4 (full 0):
 PSYoungGen      total 34304K, used 2528K [0x00000000ebf80000, 0x00000000ee380000, 0x0000000100000000)
  eden space 31744K, 0% used [0x00000000ebf80000,0x00000000ebf80000,0x00000000ede80000)
  from space 2560K, 98% used [0x00000000ee100000,0x00000000ee378200,0x00000000ee380000)
  to   space 2560K, 0% used [0x00000000ede80000,0x00000000ede80000,0x00000000ee100000)
 ParOldGen       total 42496K, used 158K [0x00000000c3e00000, 0x00000000c6780000, 0x00000000ebf80000)
  object space 42496K, 0% used [0x00000000c3e00000,0x00000000c3e279e8,0x00000000c6780000)
 Metaspace       used 7476K, capacity 7750K, committed 7936K, reserved 1056768K
  class space    used 842K, capacity 951K, committed 1024K, reserved 1048576K
}
Event: 2,123 GC heap before
{Heap before GC invocations=5 (full 0):
 PSYoungGen      total 34304K, used 34272K [0x00000000ebf80000, 0x00000000ee380000, 0x0000000100000000)
  eden space 31744K, 100% used [0x00000000ebf80000,0x00000000ede80000,0x00000000ede80000)
  from space 2560K, 98% used [0x00000000ee100000,0x00000000ee378200,0x00000000ee380000)
  to   space 2560K, 0% used [0x00000000ede80000,0x00000000ede80000,0x00000000ee100000)
 ParOldGen       total 42496K, used 158K [0x00000000c3e00000, 0x00000000c6780000, 0x00000000ebf80000)
  object space 42496K, 0% used [0x00000000c3e00000,0x00000000c3e279e8,0x00000000c6780000)
 Metaspace       used 11854K, capacity 12324K, committed 12544K, reserved 1060864K
  class space    used 1402K, capacity 1529K, committed 1536K, reserved 1048576K
Event: 2,130 GC heap after
Heap after GC invocations=5 (full 0):
 PSYoungGen      total 34304K, used 2530K [0x00000000ebf80000, 0x00000000f0680000, 0x0000000100000000)
  eden space 31744K, 0% used [0x00000000ebf80000,0x00000000ebf80000,0x00000000ede80000)
  from space 2560K, 98% used [0x00000000ede80000,0x00000000ee0f8a98,0x00000000ee100000)
  to   space 4608K, 0% used [0x00000000f0200000,0x00000000f0200000,0x00000000f0680000)
 ParOldGen       total 42496K, used 2238K [0x00000000c3e00000, 0x00000000c6780000, 0x00000000ebf80000)
  object space 42496K, 5% used [0x00000000c3e00000,0x00000000c402fb30,0x00000000c6780000)
 Metaspace       used 11854K, capacity 12324K, committed 12544K, reserved 1060864K
  class space    used 1402K, capacity 1529K, committed 1536K, reserved 1048576K
}
Event: 2,554 GC heap before
{Heap before GC invocations=6 (full 0):
 PSYoungGen      total 34304K, used 34274K [0x00000000ebf80000, 0x00000000f0680000, 0x0000000100000000)
  eden space 31744K, 100% used [0x00000000ebf80000,0x00000000ede80000,0x00000000ede80000)
  from space 2560K, 98% used [0x00000000ede80000,0x00000000ee0f8a98,0x00000000ee100000)
  to   space 4608K, 0% used [0x00000000f0200000,0x00000000f0200000,0x00000000f0680000)
 ParOldGen       total 42496K, used 2238K [0x00000000c3e00000, 0x00000000c6780000, 0x00000000ebf80000)
  object space 42496K, 5% used [0x00000000c3e00000,0x00000000c402fb30,0x00000000c6780000)
 Metaspace       used 14089K, capacity 14652K, committed 14848K, reserved 1062912K
  class space    used 1799K, capacity 1931K, committed 2048K, reserved 1048576K
Event: 2,570 GC heap after
Heap after GC invocations=6 (full 0):
 PSYoungGen      total 67072K, used 4581K [0x00000000ebf80000, 0x00000000f0880000, 0x0000000100000000)
  eden space 62464K, 0% used [0x00000000ebf80000,0x00000000ebf80000,0x00000000efc80000)
  from space 4608K, 99% used [0x00000000f0200000,0x00000000f0679700,0x00000000f0680000)
  to   space 5632K, 0% used [0x00000000efc80000,0x00000000efc80000,0x00000000f0200000)
 ParOldGen       total 42496K, used 2831K [0x00000000c3e00000, 0x00000000c6780000, 0x00000000ebf80000)
  object space 42496K, 6% used [0x00000000c3e00000,0x00000000c40c3fb0,0x00000000c6780000)
 Metaspace       used 14089K, capacity 14652K, committed 14848K, reserved 1062912K
  class space    used 1799K, capacity 1931K, committed 2048K, reserved 1048576K
}
Event: 12,189 GC heap before
{Heap before GC invocations=7 (full 0):
 PSYoungGen      total 67072K, used 60438K [0x00000000ebf80000, 0x00000000f0880000, 0x0000000100000000)
  eden space 62464K, 89% used [0x00000000ebf80000,0x00000000ef60c110,0x00000000efc80000)
  from space 4608K, 99% used [0x00000000f0200000,0x00000000f0679700,0x00000000f0680000)
  to   space 5632K, 0% used [0x00000000efc80000,0x00000000efc80000,0x00000000f0200000)
 ParOldGen       total 42496K, used 2831K [0x00000000c3e00000, 0x00000000c6780000, 0x00000000ebf80000)
  object space 42496K, 6% used [0x00000000c3e00000,0x00000000c40c3fb0,0x00000000c6780000)
 Metaspace       used 20470K, capacity 21118K, committed 21248K, reserved 1067008K
  class space    used 2590K, capacity 2746K, committed 2816K, reserved 1048576K

