# JRE version: OpenJDK Runtime Environment (8.0_242-b08) (build 1.8.0_242-8u242-b08-0ubuntu3~16.04-b08)
# Java VM: OpenJDK 64-Bit Server VM (25.242-b08 mixed mode linux-amd64 compressed oops)
Heap:
 PSYoungGen      total 68096K, used 5611K [0x00000000ebf80000, 0x00000000f0880000, 0x0000000100000000)
  eden space 62464K, 0% used [0x00000000ebf80000,0x00000000ebf80000,0x00000000efc80000)
  from space 5632K, 99% used [0x00000000efc80000,0x00000000f01faff0,0x00000000f0200000)
  to   space 4608K, 0% used [0x00000000f0200000,0x00000000f0200000,0x00000000f0680000)
 ParOldGen       total 42496K, used 7307K [0x00000000c3e00000, 0x00000000c6780000, 0x00000000ebf80000)
  object space 42496K, 17% used [0x00000000c3e00000,0x00000000c4522c40,0x00000000c6780000)
 Metaspace       used 20545K, capacity 21234K, committed 21296K, reserved 1069056K
  class space    used 2602K, capacity 2782K, committed 2816K, reserved 1048576K
GC Heap History (10 events):
Event: 1,221 GC heap after
Heap after GC invocations=2 (full 0):
 PSYoungGen      total 18432K, used 2454K [0x00000000ebf80000, 0x00000000ee380000, 0x0000000100000000)
  eden space 15872K, 0% used [0x00000000ebf80000,0x00000000ebf80000,0x00000000ecf00000)
  from space 2560K, 95% used [0x00000000ed180000,0x00000000ed3e59c0,0x00000000ed400000)
  to   space 2560K, 0% used [0x00000000ecf00000,0x00000000ecf00000,0x00000000ed180000)
 ParOldGen       total 42496K, used 62K [0x00000000c3e00000, 0x00000000c6780000, 0x00000000ebf80000)
  object space 42496K, 0% used [0x00000000c3e00000,0x00000000c3e0fb60,0x00000000c6780000)
 Metaspace       used 7265K, capacity 7472K, committed 7552K, reserved 1056768K
  class space    used 812K, capacity 880K, committed 896K, reserved 1048576K
}
Event: 1,232 GC heap before
{Heap before GC invocations=3 (full 0):
 PSYoungGen      total 18432K, used 18323K [0x00000000ebf80000, 0x00000000ee380000, 0x0000000100000000)
  eden space 15872K, 99% used [0x00000000ebf80000,0x00000000eceff540,0x00000000ecf00000)
  from space 2560K, 95% used [0x00000000ed180000,0x00000000ed3e59c0,0x00000000ed400000)
  to   space 2560K, 0% used [0x00000000ecf00000,0x00000000ecf00000,0x00000000ed180000)
 ParOldGen       total 42496K, used 62K [0x00000000c3e00000, 0x00000000c6780000, 0x00000000ebf80000)
  object space 42496K, 0% used [0x00000000c3e00000,0x00000000c3e0fb60,0x00000000c6780000)
 Metaspace       used 7265K, capacity 7472K, committed 7552K, reserved 1056768K
  class space    used 812K, capacity 880K, committed 896K, reserved 1048576K
Event: 1,256 GC heap after
Heap after GC invocations=3 (full 0):
 PSYoungGen      total 18432K, used 1842K [0x00000000ebf80000, 0x00000000ee380000, 0x0000000100000000)
  eden space 15872K, 0% used [0x00000000ebf80000,0x00000000ebf80000,0x00000000ecf00000)
  from space 2560K, 71% used [0x00000000ecf00000,0x00000000ed0cca98,0x00000000ed180000)
  to   space 2560K, 0% used [0x00000000ee100000,0x00000000ee100000,0x00000000ee380000)
 ParOldGen       total 42496K, used 70K [0x00000000c3e00000, 0x00000000c6780000, 0x00000000ebf80000)
  object space 42496K, 0% used [0x00000000c3e00000,0x00000000c3e11b60,0x00000000c6780000)
 Metaspace       used 7265K, capacity 7472K, committed 7552K, reserved 1056768K
  class space    used 812K, capacity 880K, committed 896K, reserved 1048576K
}
Event: 1,320 GC heap before
{Heap before GC invocations=4 (full 0):
 PSYoungGen      total 18432K, used 17714K [0x00000000ebf80000, 0x00000000ee380000, 0x0000000100000000)
  eden space 15872K, 100% used [0x00000000ebf80000,0x00000000ecf00000,0x00000000ecf00000)
  from space 2560K, 71% used [0x00000000ecf00000,0x00000000ed0cca98,0x00000000ed180000)
  to   space 2560K, 0% used [0x00000000ee100000,0x00000000ee100000,0x00000000ee380000)
 ParOldGen       total 42496K, used 70K [0x00000000c3e00000, 0x00000000c6780000, 0x00000000ebf80000)
  object space 42496K, 0% used [0x00000000c3e00000,0x00000000c3e11b60,0x00000000c6780000)
 Metaspace       used 7458K, capacity 7722K, committed 7936K, reserved 1056768K
  class space    used 841K, capacity 919K, committed 1024K, reserved 1048576K
Event: 1,327 GC heap after
Heap after GC invocations=4 (full 0):
 PSYoungGen      total 34304K, used 2547K [0x00000000ebf80000, 0x00000000ee380000, 0x0000000100000000)
  eden space 31744K, 0% used [0x00000000ebf80000,0x00000000ebf80000,0x00000000ede80000)
  from space 2560K, 99% used [0x00000000ee100000,0x00000000ee37cc88,0x00000000ee380000)
  to   space 2560K, 0% used [0x00000000ede80000,0x00000000ede80000,0x00000000ee100000)
 ParOldGen       total 42496K, used 131K [0x00000000c3e00000, 0x00000000c6780000, 0x00000000ebf80000)
  object space 42496K, 0% used [0x00000000c3e00000,0x00000000c3e20c70,0x00000000c6780000)
 Metaspace       used 7458K, capacity 7722K, committed 7936K, reserved 1056768K
  class space    used 841K, capacity 919K, committed 1024K, reserved 1048576K
}
Event: 2,064 GC heap before
{Heap before GC invocations=5 (full 0):
 PSYoungGen      total 34304K, used 34291K [0x00000000ebf80000, 0x00000000ee380000, 0x0000000100000000)
  eden space 31744K, 100% used [0x00000000ebf80000,0x00000000ede80000,0x00000000ede80000)
  from space 2560K, 99% used [0x00000000ee100000,0x00000000ee37cc88,0x00000000ee380000)
  to   space 2560K, 0% used [0x00000000ede80000,0x00000000ede80000,0x00000000ee100000)
 ParOldGen       total 42496K, used 131K [0x00000000c3e00000, 0x00000000c6780000, 0x00000000ebf80000)
  object space 42496K, 0% used [0x00000000c3e00000,0x00000000c3e20c70,0x00000000c6780000)
 Metaspace       used 11871K, capacity 12354K, committed 12544K, reserved 1060864K
  class space    used 1409K, capacity 1522K, committed 1536K, reserved 1048576K
Event: 2,074 GC heap after
Heap after GC invocations=5 (full 0):
 PSYoungGen      total 34304K, used 2546K [0x00000000ebf80000, 0x00000000f0680000, 0x0000000100000000)
  eden space 31744K, 0% used [0x00000000ebf80000,0x00000000ebf80000,0x00000000ede80000)
  from space 2560K, 99% used [0x00000000ede80000,0x00000000ee0fcaa8,0x00000000ee100000)
  to   space 4608K, 0% used [0x00000000f0200000,0x00000000f0200000,0x00000000f0680000)
 ParOldGen       total 42496K, used 2299K [0x00000000c3e00000, 0x00000000c6780000, 0x00000000ebf80000)
  object space 42496K, 5% used [0x00000000c3e00000,0x00000000c403ec00,0x00000000c6780000)
 Metaspace       used 11871K, capacity 12354K, committed 12544K, reserved 1060864K
  class space    used 1409K, capacity 1522K, committed 1536K, reserved 1048576K
}
Event: 2,578 GC heap before
{Heap before GC invocations=6 (full 0):
 PSYoungGen      total 34304K, used 34290K [0x00000000ebf80000, 0x00000000f0680000, 0x0000000100000000)
  eden space 31744K, 100% used [0x00000000ebf80000,0x00000000ede80000,0x00000000ede80000)
  from space 2560K, 99% used [0x00000000ede80000,0x00000000ee0fcaa8,0x00000000ee100000)
  to   space 4608K, 0% used [0x00000000f0200000,0x00000000f0200000,0x00000000f0680000)
 ParOldGen       total 42496K, used 2299K [0x00000000c3e00000, 0x00000000c6780000, 0x00000000ebf80000)
  object space 42496K, 5% used [0x00000000c3e00000,0x00000000c403ec00,0x00000000c6780000)
 Metaspace       used 13835K, capacity 14378K, committed 14464K, reserved 1062912K
  class space    used 1765K, capacity 1876K, committed 1920K, reserved 1048576K
Event: 2,606 GC heap after
Heap after GC invocations=6 (full 0):
 PSYoungGen      total 67072K, used 4581K [0x00000000ebf80000, 0x00000000f0880000, 0x0000000100000000)
  eden space 62464K, 0% used [0x00000000ebf80000,0x00000000ebf80000,0x00000000efc80000)
  from space 4608K, 99% used [0x00000000f0200000,0x00000000f06794d8,0x00000000f0680000)
  to   space 5632K, 0% used [0x00000000efc80000,0x00000000efc80000,0x00000000f0200000)
 ParOldGen       total 42496K, used 2601K [0x00000000c3e00000, 0x00000000c6780000, 0x00000000ebf80000)
  object space 42496K, 6% used [0x00000000c3e00000,0x00000000c408a5f0,0x00000000c6780000)
 Metaspace       used 13835K, capacity 14378K, committed 14464K, reserved 1062912K
  class space    used 1765K, capacity 1876K, committed 1920K, reserved 1048576K
}
Event: 31,899 GC heap before
{Heap before GC invocations=7 (full 0):
 PSYoungGen      total 67072K, used 63109K [0x00000000ebf80000, 0x00000000f0880000, 0x0000000100000000)
  eden space 62464K, 93% used [0x00000000ebf80000,0x00000000ef8a81a8,0x00000000efc80000)
  from space 4608K, 99% used [0x00000000f0200000,0x00000000f06794d8,0x00000000f0680000)
  to   space 5632K, 0% used [0x00000000efc80000,0x00000000efc80000,0x00000000f0200000)
 ParOldGen       total 42496K, used 2601K [0x00000000c3e00000, 0x00000000c6780000, 0x00000000ebf80000)
  object space 42496K, 6% used [0x00000000c3e00000,0x00000000c408a5f0,0x00000000c6780000)
 Metaspace       used 20545K, capacity 21234K, committed 21296K, reserved 1069056K
  class space    used 2602K, capacity 2782K, committed 2816K, reserved 1048576K

