# JRE version: OpenJDK Runtime Environment (8.0_242-b08) (build 1.8.0_242-8u242-b08-0ubuntu3~16.04-b08)
# Java VM: OpenJDK 64-Bit Server VM (25.242-b08 mixed mode linux-amd64 compressed oops)
Heap:
 PSYoungGen      total 171520K, used 12276K [0x00000000ebf80000, 0x00000000f7e00000, 0x0000000100000000)
  eden space 159232K, 0% used [0x00000000ebf80000,0x00000000ebf80000,0x00000000f5b00000)
  from space 12288K, 99% used [0x00000000f5b00000,0x00000000f66fd238,0x00000000f6700000)
  to   space 11264K, 0% used [0x00000000f6700000,0x00000000f6700000,0x00000000f7200000)
 ParOldGen       total 43008K, used 25320K [0x00000000c3e00000, 0x00000000c6800000, 0x00000000ebf80000)
  object space 43008K, 58% used [0x00000000c3e00000,0x00000000c56ba0e0,0x00000000c6800000)
 Metaspace       used 52240K, capacity 54768K, committed 54872K, reserved 1097728K
  class space    used 7034K, capacity 7508K, committed 7552K, reserved 1048576K
GC Heap History (10 events):
Event: 3,618 GC heap after
Heap after GC invocations=8 (full 1):
 PSYoungGen      total 68096K, used 0K [0x00000000ebf80000, 0x00000000f4a80000, 0x0000000100000000)
  eden space 62464K, 0% used [0x00000000ebf80000,0x00000000ebf80000,0x00000000efc80000)
  from space 5632K, 0% used [0x00000000efc80000,0x00000000efc80000,0x00000000f0200000)
  to   space 8704K, 0% used [0x00000000f4200000,0x00000000f4200000,0x00000000f4a80000)
 ParOldGen       total 32256K, used 9850K [0x00000000c3e00000, 0x00000000c5d80000, 0x00000000ebf80000)
  object space 32256K, 30% used [0x00000000c3e00000,0x00000000c479e9c8,0x00000000c5d80000)
 Metaspace       used 20456K, capacity 21120K, committed 21248K, reserved 1067008K
  class space    used 2582K, capacity 2745K, committed 2816K, reserved 1048576K
}
Event: 4,701 GC heap before
{Heap before GC invocations=9 (full 1):
 PSYoungGen      total 68096K, used 62464K [0x00000000ebf80000, 0x00000000f4a80000, 0x0000000100000000)
  eden space 62464K, 100% used [0x00000000ebf80000,0x00000000efc80000,0x00000000efc80000)
  from space 5632K, 0% used [0x00000000efc80000,0x00000000efc80000,0x00000000f0200000)
  to   space 8704K, 0% used [0x00000000f4200000,0x00000000f4200000,0x00000000f4a80000)
 ParOldGen       total 32256K, used 9860K [0x00000000c3e00000, 0x00000000c5d80000, 0x00000000ebf80000)
  object space 32256K, 30% used [0x00000000c3e00000,0x00000000c47a1028,0x00000000c5d80000)
 Metaspace       used 21690K, capacity 22498K, committed 22656K, reserved 1069056K
  class space    used 2733K, capacity 2936K, committed 2944K, reserved 1048576K
Event: 4,723 GC heap after
Heap after GC invocations=9 (full 1):
 PSYoungGen      total 113664K, used 2257K [0x00000000ebf80000, 0x00000000f4480000, 0x0000000100000000)
  eden space 111104K, 0% used [0x00000000ebf80000,0x00000000ebf80000,0x00000000f2c00000)
  from space 2560K, 88% used [0x00000000f4200000,0x00000000f4434640,0x00000000f4480000)
  to   space 8704K, 0% used [0x00000000f3380000,0x00000000f3380000,0x00000000f3c00000)
 ParOldGen       total 32256K, used 9868K [0x00000000c3e00000, 0x00000000c5d80000, 0x00000000ebf80000)
  object space 32256K, 30% used [0x00000000c3e00000,0x00000000c47a3028,0x00000000c5d80000)
 Metaspace       used 21690K, capacity 22498K, committed 22656K, reserved 1069056K
  class space    used 2733K, capacity 2936K, committed 2944K, reserved 1048576K
}
Event: 9,693 GC heap before
{Heap before GC invocations=10 (full 1):
 PSYoungGen      total 113664K, used 113361K [0x00000000ebf80000, 0x00000000f4480000, 0x0000000100000000)
  eden space 111104K, 100% used [0x00000000ebf80000,0x00000000f2c00000,0x00000000f2c00000)
  from space 2560K, 88% used [0x00000000f4200000,0x00000000f4434640,0x00000000f4480000)
  to   space 8704K, 0% used [0x00000000f3380000,0x00000000f3380000,0x00000000f3c00000)
 ParOldGen       total 32256K, used 9868K [0x00000000c3e00000, 0x00000000c5d80000, 0x00000000ebf80000)
  object space 32256K, 30% used [0x00000000c3e00000,0x00000000c47a3028,0x00000000c5d80000)
 Metaspace       used 29552K, capacity 31296K, committed 31616K, reserved 1077248K
  class space    used 3795K, capacity 4104K, committed 4224K, reserved 1048576K
Event: 9,718 GC heap after
Heap after GC invocations=10 (full 1):
 PSYoungGen      total 127488K, used 8672K [0x00000000ebf80000, 0x00000000f7200000, 0x0000000100000000)
  eden space 118784K, 0% used [0x00000000ebf80000,0x00000000ebf80000,0x00000000f3380000)
  from space 8704K, 99% used [0x00000000f3380000,0x00000000f3bf8208,0x00000000f3c00000)
  to   space 11264K, 0% used [0x00000000f6700000,0x00000000f6700000,0x00000000f7200000)
 ParOldGen       total 32256K, used 12894K [0x00000000c3e00000, 0x00000000c5d80000, 0x00000000ebf80000)
  object space 32256K, 39% used [0x00000000c3e00000,0x00000000c4a97b20,0x00000000c5d80000)
 Metaspace       used 29552K, capacity 31296K, committed 31616K, reserved 1077248K
  class space    used 3795K, capacity 4104K, committed 4224K, reserved 1048576K
}
Event: 11,798 GC heap before
{Heap before GC invocations=11 (full 1):
 PSYoungGen      total 127488K, used 117635K [0x00000000ebf80000, 0x00000000f7200000, 0x0000000100000000)
  eden space 118784K, 91% used [0x00000000ebf80000,0x00000000f29e8a90,0x00000000f3380000)
  from space 8704K, 99% used [0x00000000f3380000,0x00000000f3bf8208,0x00000000f3c00000)
  to   space 11264K, 0% used [0x00000000f6700000,0x00000000f6700000,0x00000000f7200000)
 ParOldGen       total 32256K, used 12894K [0x00000000c3e00000, 0x00000000c5d80000, 0x00000000ebf80000)
  object space 32256K, 39% used [0x00000000c3e00000,0x00000000c4a97b20,0x00000000c5d80000)
 Metaspace       used 33444K, capacity 35274K, committed 35416K, reserved 1079296K
  class space    used 4314K, capacity 4647K, committed 4736K, reserved 1048576K
Event: 11,865 GC heap after
Heap after GC invocations=11 (full 1):
 PSYoungGen      total 170496K, used 8860K [0x00000000ebf80000, 0x00000000f7e00000, 0x0000000100000000)
  eden space 159232K, 0% used [0x00000000ebf80000,0x00000000ebf80000,0x00000000f5b00000)
  from space 11264K, 78% used [0x00000000f6700000,0x00000000f6fa7100,0x00000000f7200000)
  to   space 12288K, 0% used [0x00000000f5b00000,0x00000000f5b00000,0x00000000f6700000)
 ParOldGen       total 32256K, used 13749K [0x00000000c3e00000, 0x00000000c5d80000, 0x00000000ebf80000)
  object space 32256K, 42% used [0x00000000c3e00000,0x00000000c4b6d428,0x00000000c5d80000)
 Metaspace       used 33444K, capacity 35274K, committed 35416K, reserved 1079296K
  class space    used 4314K, capacity 4647K, committed 4736K, reserved 1048576K
}
Event: 11,865 GC heap before
{Heap before GC invocations=12 (full 2):
 PSYoungGen      total 170496K, used 8860K [0x00000000ebf80000, 0x00000000f7e00000, 0x0000000100000000)
  eden space 159232K, 0% used [0x00000000ebf80000,0x00000000ebf80000,0x00000000f5b00000)
  from space 11264K, 78% used [0x00000000f6700000,0x00000000f6fa7100,0x00000000f7200000)
  to   space 12288K, 0% used [0x00000000f5b00000,0x00000000f5b00000,0x00000000f6700000)
 ParOldGen       total 32256K, used 13749K [0x00000000c3e00000, 0x00000000c5d80000, 0x00000000ebf80000)
  object space 32256K, 42% used [0x00000000c3e00000,0x00000000c4b6d428,0x00000000c5d80000)
 Metaspace       used 33444K, capacity 35274K, committed 35416K, reserved 1079296K
  class space    used 4314K, capacity 4647K, committed 4736K, reserved 1048576K
Event: 12,065 GC heap after
Heap after GC invocations=12 (full 2):
 PSYoungGen      total 170496K, used 0K [0x00000000ebf80000, 0x00000000f7e00000, 0x0000000100000000)
  eden space 159232K, 0% used [0x00000000ebf80000,0x00000000ebf80000,0x00000000f5b00000)
  from space 11264K, 0% used [0x00000000f6700000,0x00000000f6700000,0x00000000f7200000)
  to   space 12288K, 0% used [0x00000000f5b00000,0x00000000f5b00000,0x00000000f6700000)
 ParOldGen       total 43008K, used 13546K [0x00000000c3e00000, 0x00000000c6800000, 0x00000000ebf80000)
  object space 43008K, 31% used [0x00000000c3e00000,0x00000000c4b3a858,0x00000000c6800000)
 Metaspace       used 33444K, capacity 35274K, committed 35416K, reserved 1079296K
  class space    used 4314K, capacity 4647K, committed 4736K, reserved 1048576K
}
Event: 22,419 GC heap before
{Heap before GC invocations=13 (full 2):
 PSYoungGen      total 170496K, used 159232K [0x00000000ebf80000, 0x00000000f7e00000, 0x0000000100000000)
  eden space 159232K, 100% used [0x00000000ebf80000,0x00000000f5b00000,0x00000000f5b00000)
  from space 11264K, 0% used [0x00000000f6700000,0x00000000f6700000,0x00000000f7200000)
  to   space 12288K, 0% used [0x00000000f5b00000,0x00000000f5b00000,0x00000000f6700000)
 ParOldGen       total 43008K, used 13546K [0x00000000c3e00000, 0x00000000c6800000, 0x00000000ebf80000)
  object space 43008K, 31% used [0x00000000c3e00000,0x00000000c4b3a858,0x00000000c6800000)
 Metaspace       used 52240K, capacity 54768K, committed 54872K, reserved 1097728K
  class space    used 7034K, capacity 7508K, committed 7552K, reserved 1048576K

