# JRE version: OpenJDK Runtime Environment (8.0_242-b08) (build 1.8.0_242-8u242-b08-0ubuntu3~16.04-b08)
# Java VM: OpenJDK 64-Bit Server VM (25.242-b08 mixed mode linux-amd64 compressed oops)
Heap:
 PSYoungGen      total 166912K, used 12273K [0x00000000ebf80000, 0x00000000f7a80000, 0x0000000100000000)
  eden space 154624K, 0% used [0x00000000ebf80000,0x00000000ebf80000,0x00000000f5680000)
  from space 12288K, 99% used [0x00000000f5680000,0x00000000f627c5b8,0x00000000f6280000)
  to   space 11264K, 0% used [0x00000000f6280000,0x00000000f6280000,0x00000000f6d80000)
 ParOldGen       total 43520K, used 24898K [0x00000000c3e00000, 0x00000000c6880000, 0x00000000ebf80000)
  object space 43520K, 57% used [0x00000000c3e00000,0x00000000c5650918,0x00000000c6880000)
 Metaspace       used 52560K, capacity 55166K, committed 55512K, reserved 1097728K
  class space    used 7085K, capacity 7559K, committed 7680K, reserved 1048576K
GC Heap History (10 events):
Event: 3,461 GC heap after
Heap after GC invocations=8 (full 1):
 PSYoungGen      total 68096K, used 0K [0x00000000ebf80000, 0x00000000f4a80000, 0x0000000100000000)
  eden space 62464K, 0% used [0x00000000ebf80000,0x00000000ebf80000,0x00000000efc80000)
  from space 5632K, 0% used [0x00000000efc80000,0x00000000efc80000,0x00000000f0200000)
  to   space 8704K, 0% used [0x00000000f4200000,0x00000000f4200000,0x00000000f4a80000)
 ParOldGen       total 32256K, used 9666K [0x00000000c3e00000, 0x00000000c5d80000, 0x00000000ebf80000)
  object space 32256K, 29% used [0x00000000c3e00000,0x00000000c4770a08,0x00000000c5d80000)
 Metaspace       used 20446K, capacity 21116K, committed 21248K, reserved 1067008K
  class space    used 2588K, capacity 2745K, committed 2816K, reserved 1048576K
}
Event: 4,060 GC heap before
{Heap before GC invocations=9 (full 1):
 PSYoungGen      total 68096K, used 62464K [0x00000000ebf80000, 0x00000000f4a80000, 0x0000000100000000)
  eden space 62464K, 100% used [0x00000000ebf80000,0x00000000efc80000,0x00000000efc80000)
  from space 5632K, 0% used [0x00000000efc80000,0x00000000efc80000,0x00000000f0200000)
  to   space 8704K, 0% used [0x00000000f4200000,0x00000000f4200000,0x00000000f4a80000)
 ParOldGen       total 32256K, used 9666K [0x00000000c3e00000, 0x00000000c5d80000, 0x00000000ebf80000)
  object space 32256K, 29% used [0x00000000c3e00000,0x00000000c4770a08,0x00000000c5d80000)
 Metaspace       used 21655K, capacity 22498K, committed 22656K, reserved 1069056K
  class space    used 2729K, capacity 2936K, committed 2944K, reserved 1048576K
Event: 4,064 GC heap after
Heap after GC invocations=9 (full 1):
 PSYoungGen      total 112128K, used 2419K [0x00000000ebf80000, 0x00000000f4480000, 0x0000000100000000)
  eden space 109568K, 0% used [0x00000000ebf80000,0x00000000ebf80000,0x00000000f2a80000)
  from space 2560K, 94% used [0x00000000f4200000,0x00000000f445cca0,0x00000000f4480000)
  to   space 8704K, 0% used [0x00000000f3380000,0x00000000f3380000,0x00000000f3c00000)
 ParOldGen       total 32256K, used 9674K [0x00000000c3e00000, 0x00000000c5d80000, 0x00000000ebf80000)
  object space 32256K, 29% used [0x00000000c3e00000,0x00000000c4772a08,0x00000000c5d80000)
 Metaspace       used 21655K, capacity 22498K, committed 22656K, reserved 1069056K
  class space    used 2729K, capacity 2936K, committed 2944K, reserved 1048576K
}
Event: 7,538 GC heap before
{Heap before GC invocations=10 (full 1):
 PSYoungGen      total 112128K, used 111987K [0x00000000ebf80000, 0x00000000f4480000, 0x0000000100000000)
  eden space 109568K, 100% used [0x00000000ebf80000,0x00000000f2a80000,0x00000000f2a80000)
  from space 2560K, 94% used [0x00000000f4200000,0x00000000f445cca0,0x00000000f4480000)
  to   space 8704K, 0% used [0x00000000f3380000,0x00000000f3380000,0x00000000f3c00000)
 ParOldGen       total 32256K, used 9674K [0x00000000c3e00000, 0x00000000c5d80000, 0x00000000ebf80000)
  object space 32256K, 29% used [0x00000000c3e00000,0x00000000c4772a08,0x00000000c5d80000)
 Metaspace       used 29544K, capacity 31284K, committed 31616K, reserved 1077248K
  class space    used 3796K, capacity 4104K, committed 4224K, reserved 1048576K
Event: 7,555 GC heap after
Heap after GC invocations=10 (full 1):
 PSYoungGen      total 127488K, used 8682K [0x00000000ebf80000, 0x00000000f6d80000, 0x0000000100000000)
  eden space 118784K, 0% used [0x00000000ebf80000,0x00000000ebf80000,0x00000000f3380000)
  from space 8704K, 99% used [0x00000000f3380000,0x00000000f3bfa9f0,0x00000000f3c00000)
  to   space 11264K, 0% used [0x00000000f6280000,0x00000000f6280000,0x00000000f6d80000)
 ParOldGen       total 32256K, used 12860K [0x00000000c3e00000, 0x00000000c5d80000, 0x00000000ebf80000)
  object space 32256K, 39% used [0x00000000c3e00000,0x00000000c4a8f2a0,0x00000000c5d80000)
 Metaspace       used 29544K, capacity 31284K, committed 31616K, reserved 1077248K
  class space    used 3796K, capacity 4104K, committed 4224K, reserved 1048576K
}
Event: 9,041 GC heap before
{Heap before GC invocations=11 (full 1):
 PSYoungGen      total 127488K, used 122680K [0x00000000ebf80000, 0x00000000f6d80000, 0x0000000100000000)
  eden space 118784K, 95% used [0x00000000ebf80000,0x00000000f2ed3910,0x00000000f3380000)
  from space 8704K, 99% used [0x00000000f3380000,0x00000000f3bfa9f0,0x00000000f3c00000)
  to   space 11264K, 0% used [0x00000000f6280000,0x00000000f6280000,0x00000000f6d80000)
 ParOldGen       total 32256K, used 12860K [0x00000000c3e00000, 0x00000000c5d80000, 0x00000000ebf80000)
  object space 32256K, 39% used [0x00000000c3e00000,0x00000000c4a8f2a0,0x00000000c5d80000)
 Metaspace       used 33586K, capacity 35358K, committed 35416K, reserved 1079296K
  class space    used 4346K, capacity 4679K, committed 4736K, reserved 1048576K
Event: 9,075 GC heap after
Heap after GC invocations=11 (full 1):
 PSYoungGen      total 165888K, used 9074K [0x00000000ebf80000, 0x00000000f7a80000, 0x0000000100000000)
  eden space 154624K, 0% used [0x00000000ebf80000,0x00000000ebf80000,0x00000000f5680000)
  from space 11264K, 80% used [0x00000000f6280000,0x00000000f6b5c920,0x00000000f6d80000)
  to   space 12288K, 0% used [0x00000000f5680000,0x00000000f5680000,0x00000000f6280000)
 ParOldGen       total 32256K, used 13906K [0x00000000c3e00000, 0x00000000c5d80000, 0x00000000ebf80000)
  object space 32256K, 43% used [0x00000000c3e00000,0x00000000c4b94ba8,0x00000000c5d80000)
 Metaspace       used 33586K, capacity 35358K, committed 35416K, reserved 1079296K
  class space    used 4346K, capacity 4679K, committed 4736K, reserved 1048576K
}
Event: 9,075 GC heap before
{Heap before GC invocations=12 (full 2):
 PSYoungGen      total 165888K, used 9074K [0x00000000ebf80000, 0x00000000f7a80000, 0x0000000100000000)
  eden space 154624K, 0% used [0x00000000ebf80000,0x00000000ebf80000,0x00000000f5680000)
  from space 11264K, 80% used [0x00000000f6280000,0x00000000f6b5c920,0x00000000f6d80000)
  to   space 12288K, 0% used [0x00000000f5680000,0x00000000f5680000,0x00000000f6280000)
 ParOldGen       total 32256K, used 13906K [0x00000000c3e00000, 0x00000000c5d80000, 0x00000000ebf80000)
  object space 32256K, 43% used [0x00000000c3e00000,0x00000000c4b94ba8,0x00000000c5d80000)
 Metaspace       used 33586K, capacity 35358K, committed 35416K, reserved 1079296K
  class space    used 4346K, capacity 4679K, committed 4736K, reserved 1048576K
Event: 9,169 GC heap after
Heap after GC invocations=12 (full 2):
 PSYoungGen      total 165888K, used 0K [0x00000000ebf80000, 0x00000000f7a80000, 0x0000000100000000)
  eden space 154624K, 0% used [0x00000000ebf80000,0x00000000ebf80000,0x00000000f5680000)
  from space 11264K, 0% used [0x00000000f6280000,0x00000000f6280000,0x00000000f6d80000)
  to   space 12288K, 0% used [0x00000000f5680000,0x00000000f5680000,0x00000000f6280000)
 ParOldGen       total 43520K, used 13674K [0x00000000c3e00000, 0x00000000c6880000, 0x00000000ebf80000)
  object space 43520K, 31% used [0x00000000c3e00000,0x00000000c4b5aa60,0x00000000c6880000)
 Metaspace       used 33586K, capacity 35358K, committed 35416K, reserved 1079296K
  class space    used 4346K, capacity 4679K, committed 4736K, reserved 1048576K
}
Event: 13,783 GC heap before
{Heap before GC invocations=13 (full 2):
 PSYoungGen      total 165888K, used 154624K [0x00000000ebf80000, 0x00000000f7a80000, 0x0000000100000000)
  eden space 154624K, 100% used [0x00000000ebf80000,0x00000000f5680000,0x00000000f5680000)
  from space 11264K, 0% used [0x00000000f6280000,0x00000000f6280000,0x00000000f6d80000)
  to   space 12288K, 0% used [0x00000000f5680000,0x00000000f5680000,0x00000000f6280000)
 ParOldGen       total 43520K, used 13674K [0x00000000c3e00000, 0x00000000c6880000, 0x00000000ebf80000)
  object space 43520K, 31% used [0x00000000c3e00000,0x00000000c4b5aa60,0x00000000c6880000)
 Metaspace       used 52560K, capacity 55166K, committed 55512K, reserved 1097728K
  class space    used 7085K, capacity 7559K, committed 7680K, reserved 1048576K

