# JRE version: OpenJDK Runtime Environment (8.0_242-b08) (build 1.8.0_242-8u242-b08-0ubuntu3~16.04-b08)
# Java VM: OpenJDK 64-Bit Server VM (25.242-b08 mixed mode linux-amd64 compressed oops)
Heap:
 PSYoungGen      total 159232K, used 12276K [0x00000000ebf80000, 0x00000000f7800000, 0x0000000100000000)
  eden space 146944K, 0% used [0x00000000ebf80000,0x00000000ebf80000,0x00000000f4f00000)
  from space 12288K, 99% used [0x00000000f4f00000,0x00000000f5afd398,0x00000000f5b00000)
  to   space 11264K, 0% used [0x00000000f5b00000,0x00000000f5b00000,0x00000000f6600000)
 ParOldGen       total 46080K, used 23896K [0x00000000c3e00000, 0x00000000c6b00000, 0x00000000ebf80000)
  object space 46080K, 51% used [0x00000000c3e00000,0x00000000c55562a0,0x00000000c6b00000)
 Metaspace       used 51555K, capacity 54078K, committed 54272K, reserved 1095680K
  class space    used 6935K, capacity 7417K, committed 7424K, reserved 1048576K
GC Heap History (10 events):
Event: 1,980 GC heap after
Heap after GC invocations=8 (full 1):
 PSYoungGen      total 68096K, used 0K [0x00000000ebf80000, 0x00000000f4a80000, 0x0000000100000000)
  eden space 62464K, 0% used [0x00000000ebf80000,0x00000000ebf80000,0x00000000efc80000)
  from space 5632K, 0% used [0x00000000efc80000,0x00000000efc80000,0x00000000f0200000)
  to   space 8704K, 0% used [0x00000000f4200000,0x00000000f4200000,0x00000000f4a80000)
 ParOldGen       total 34304K, used 10033K [0x00000000c3e00000, 0x00000000c5f80000, 0x00000000ebf80000)
  object space 34304K, 29% used [0x00000000c3e00000,0x00000000c47cc7b0,0x00000000c5f80000)
 Metaspace       used 20521K, capacity 21196K, committed 21296K, reserved 1069056K
  class space    used 2597K, capacity 2749K, committed 2816K, reserved 1048576K
}
Event: 2,562 GC heap before
{Heap before GC invocations=9 (full 1):
 PSYoungGen      total 68096K, used 62464K [0x00000000ebf80000, 0x00000000f4a80000, 0x0000000100000000)
  eden space 62464K, 100% used [0x00000000ebf80000,0x00000000efc80000,0x00000000efc80000)
  from space 5632K, 0% used [0x00000000efc80000,0x00000000efc80000,0x00000000f0200000)
  to   space 8704K, 0% used [0x00000000f4200000,0x00000000f4200000,0x00000000f4a80000)
 ParOldGen       total 34304K, used 10033K [0x00000000c3e00000, 0x00000000c5f80000, 0x00000000ebf80000)
  object space 34304K, 29% used [0x00000000c3e00000,0x00000000c47cc7b0,0x00000000c5f80000)
 Metaspace       used 21763K, capacity 22568K, committed 22704K, reserved 1069056K
  class space    used 2737K, capacity 2937K, committed 2944K, reserved 1048576K
Event: 2,577 GC heap after
Heap after GC invocations=9 (full 1):
 PSYoungGen      total 109056K, used 2271K [0x00000000ebf80000, 0x00000000f4480000, 0x0000000100000000)
  eden space 106496K, 0% used [0x00000000ebf80000,0x00000000ebf80000,0x00000000f2780000)
  from space 2560K, 88% used [0x00000000f4200000,0x00000000f4437d80,0x00000000f4480000)
  to   space 8704K, 0% used [0x00000000f3380000,0x00000000f3380000,0x00000000f3c00000)
 ParOldGen       total 34304K, used 10041K [0x00000000c3e00000, 0x00000000c5f80000, 0x00000000ebf80000)
  object space 34304K, 29% used [0x00000000c3e00000,0x00000000c47ce7b0,0x00000000c5f80000)
 Metaspace       used 21763K, capacity 22568K, committed 22704K, reserved 1069056K
  class space    used 2737K, capacity 2937K, committed 2944K, reserved 1048576K
}
Event: 4,549 GC heap before
{Heap before GC invocations=10 (full 1):
 PSYoungGen      total 109056K, used 108767K [0x00000000ebf80000, 0x00000000f4480000, 0x0000000100000000)
  eden space 106496K, 100% used [0x00000000ebf80000,0x00000000f2780000,0x00000000f2780000)
  from space 2560K, 88% used [0x00000000f4200000,0x00000000f4437d80,0x00000000f4480000)
  to   space 8704K, 0% used [0x00000000f3380000,0x00000000f3380000,0x00000000f3c00000)
 ParOldGen       total 34304K, used 10041K [0x00000000c3e00000, 0x00000000c5f80000, 0x00000000ebf80000)
  object space 34304K, 29% used [0x00000000c3e00000,0x00000000c47ce7b0,0x00000000c5f80000)
 Metaspace       used 29471K, capacity 31230K, committed 31616K, reserved 1077248K
  class space    used 3780K, capacity 4103K, committed 4224K, reserved 1048576K
Event: 4,560 GC heap after
Heap after GC invocations=10 (full 1):
 PSYoungGen      total 127488K, used 8690K [0x00000000ebf80000, 0x00000000f6600000, 0x0000000100000000)
  eden space 118784K, 0% used [0x00000000ebf80000,0x00000000ebf80000,0x00000000f3380000)
  from space 8704K, 99% used [0x00000000f3380000,0x00000000f3bfc808,0x00000000f3c00000)
  to   space 11264K, 0% used [0x00000000f5b00000,0x00000000f5b00000,0x00000000f6600000)
 ParOldGen       total 34304K, used 12702K [0x00000000c3e00000, 0x00000000c5f80000, 0x00000000ebf80000)
  object space 34304K, 37% used [0x00000000c3e00000,0x00000000c4a678c0,0x00000000c5f80000)
 Metaspace       used 29471K, capacity 31230K, committed 31616K, reserved 1077248K
  class space    used 3780K, capacity 4103K, committed 4224K, reserved 1048576K
}
Event: 5,341 GC heap before
{Heap before GC invocations=11 (full 1):
 PSYoungGen      total 127488K, used 123775K [0x00000000ebf80000, 0x00000000f6600000, 0x0000000100000000)
  eden space 118784K, 96% used [0x00000000ebf80000,0x00000000f2fe35f8,0x00000000f3380000)
  from space 8704K, 99% used [0x00000000f3380000,0x00000000f3bfc808,0x00000000f3c00000)
  to   space 11264K, 0% used [0x00000000f5b00000,0x00000000f5b00000,0x00000000f6600000)
 ParOldGen       total 34304K, used 12702K [0x00000000c3e00000, 0x00000000c5f80000, 0x00000000ebf80000)
  object space 34304K, 37% used [0x00000000c3e00000,0x00000000c4a678c0,0x00000000c5f80000)
 Metaspace       used 33511K, capacity 35274K, committed 35456K, reserved 1079296K
  class space    used 4323K, capacity 4647K, committed 4736K, reserved 1048576K
Event: 5,364 GC heap after
Heap after GC invocations=11 (full 1):
 PSYoungGen      total 158208K, used 9047K [0x00000000ebf80000, 0x00000000f7800000, 0x0000000100000000)
  eden space 146944K, 0% used [0x00000000ebf80000,0x00000000ebf80000,0x00000000f4f00000)
  from space 11264K, 80% used [0x00000000f5b00000,0x00000000f63d5d68,0x00000000f6600000)
  to   space 12288K, 0% used [0x00000000f4f00000,0x00000000f4f00000,0x00000000f5b00000)
 ParOldGen       total 34304K, used 13548K [0x00000000c3e00000, 0x00000000c5f80000, 0x00000000ebf80000)
  object space 34304K, 39% used [0x00000000c3e00000,0x00000000c4b3b1c8,0x00000000c5f80000)
 Metaspace       used 33511K, capacity 35274K, committed 35456K, reserved 1079296K
  class space    used 4323K, capacity 4647K, committed 4736K, reserved 1048576K
}
Event: 5,364 GC heap before
{Heap before GC invocations=12 (full 2):
 PSYoungGen      total 158208K, used 9047K [0x00000000ebf80000, 0x00000000f7800000, 0x0000000100000000)
  eden space 146944K, 0% used [0x00000000ebf80000,0x00000000ebf80000,0x00000000f4f00000)
  from space 11264K, 80% used [0x00000000f5b00000,0x00000000f63d5d68,0x00000000f6600000)
  to   space 12288K, 0% used [0x00000000f4f00000,0x00000000f4f00000,0x00000000f5b00000)
 ParOldGen       total 34304K, used 13548K [0x00000000c3e00000, 0x00000000c5f80000, 0x00000000ebf80000)
  object space 34304K, 39% used [0x00000000c3e00000,0x00000000c4b3b1c8,0x00000000c5f80000)
 Metaspace       used 33511K, capacity 35274K, committed 35456K, reserved 1079296K
  class space    used 4323K, capacity 4647K, committed 4736K, reserved 1048576K
Event: 5,442 GC heap after
Heap after GC invocations=12 (full 2):
 PSYoungGen      total 158208K, used 0K [0x00000000ebf80000, 0x00000000f7800000, 0x0000000100000000)
  eden space 146944K, 0% used [0x00000000ebf80000,0x00000000ebf80000,0x00000000f4f00000)
  from space 11264K, 0% used [0x00000000f5b00000,0x00000000f5b00000,0x00000000f6600000)
  to   space 12288K, 0% used [0x00000000f4f00000,0x00000000f4f00000,0x00000000f5b00000)
 ParOldGen       total 46080K, used 13723K [0x00000000c3e00000, 0x00000000c6b00000, 0x00000000ebf80000)
  object space 46080K, 29% used [0x00000000c3e00000,0x00000000c4b66f10,0x00000000c6b00000)
 Metaspace       used 33511K, capacity 35274K, committed 35456K, reserved 1079296K
  class space    used 4323K, capacity 4647K, committed 4736K, reserved 1048576K
}
Event: 9,944 GC heap before
{Heap before GC invocations=13 (full 2):
 PSYoungGen      total 158208K, used 146944K [0x00000000ebf80000, 0x00000000f7800000, 0x0000000100000000)
  eden space 146944K, 100% used [0x00000000ebf80000,0x00000000f4f00000,0x00000000f4f00000)
  from space 11264K, 0% used [0x00000000f5b00000,0x00000000f5b00000,0x00000000f6600000)
  to   space 12288K, 0% used [0x00000000f4f00000,0x00000000f4f00000,0x00000000f5b00000)
 ParOldGen       total 46080K, used 13723K [0x00000000c3e00000, 0x00000000c6b00000, 0x00000000ebf80000)
  object space 46080K, 29% used [0x00000000c3e00000,0x00000000c4b66f10,0x00000000c6b00000)
 Metaspace       used 51555K, capacity 54078K, committed 54272K, reserved 1095680K
  class space    used 6935K, capacity 7417K, committed 7424K, reserved 1048576K

